<?xml version="1.0" encoding="UTF-8"?>
<testsuite xmlns:xsi="http://www.w3.org/2001/XMLSchema-instance" xsi:noNamespaceSchemaLocation="https://maven.apache.org/surefire/maven-surefire-plugin/xsd/surefire-test-report-3.0.xsd" version="3.0" name="ImageUploadAndUpdateTests" time="23.665" tests="4" errors="0" skipped="0" failures="0">
  <properties>
    <property name="sun.desktop" value="windows"/>
    <property name="awt.toolkit" value="sun.awt.windows.WToolkit"/>
    <property name="file.encoding.pkg" value="sun.io"/>
    <property name="java.specification.version" value="1.8"/>
    <property name="sun.cpu.isalist" value="amd64"/>
    <property name="sun.jnu.encoding" value="Cp1251"/>
    <property name="java.class.path" value="C:\Users\Михаил\backend-tests\backend-tests-shushpanov\target\test-classes;C:\Users\Михаил\backend-tests\backend-tests-shushpanov\target\classes;C:\Users\Михаил\.m2\repository\io\rest-assured\rest-assured\4.4.0\rest-assured-4.4.0.jar;C:\Users\Михаил\.m2\repository\org\codehaus\groovy\groovy\3.0.8\groovy-3.0.8.jar;C:\Users\Михаил\.m2\repository\org\codehaus\groovy\groovy-xml\3.0.8\groovy-xml-3.0.8.jar;C:\Users\Михаил\.m2\repository\org\apache\httpcomponents\httpclient\4.5.13\httpclient-4.5.13.jar;C:\Users\Михаил\.m2\repository\org\apache\httpcomponents\httpcore\4.4.13\httpcore-4.4.13.jar;C:\Users\Михаил\.m2\repository\commons-logging\commons-logging\1.2\commons-logging-1.2.jar;C:\Users\Михаил\.m2\repository\commons-codec\commons-codec\1.11\commons-codec-1.11.jar;C:\Users\Михаил\.m2\repository\org\apache\httpcomponents\httpmime\4.5.13\httpmime-4.5.13.jar;C:\Users\Михаил\.m2\repository\org\hamcrest\hamcrest\2.1\hamcrest-2.1.jar;C:\Users\Михаил\.m2\repository\org\ccil\cowan\tagsoup\tagsoup\1.2.1\tagsoup-1.2.1.jar;C:\Users\Михаил\.m2\repository\io\rest-assured\json-path\4.4.0\json-path-4.4.0.jar;C:\Users\Михаил\.m2\repository\org\codehaus\groovy\groovy-json\3.0.8\groovy-json-3.0.8.jar;C:\Users\Михаил\.m2\repository\io\rest-assured\rest-assured-common\4.4.0\rest-assured-common-4.4.0.jar;C:\Users\Михаил\.m2\repository\io\rest-assured\xml-path\4.4.0\xml-path-4.4.0.jar;C:\Users\Михаил\.m2\repository\org\apache\commons\commons-lang3\3.11\commons-lang3-3.11.jar;C:\Users\Михаил\.m2\repository\jakarta\xml\bind\jakarta.xml.bind-api\2.3.3\jakarta.xml.bind-api-2.3.3.jar;C:\Users\Михаил\.m2\repository\jakarta\activation\jakarta.activation-api\1.2.2\jakarta.activation-api-1.2.2.jar;C:\Users\Михаил\.m2\repository\com\sun\xml\bind\jaxb-impl\2.3.3\jaxb-impl-2.3.3.jar;C:\Users\Михаил\.m2\repository\org\junit\jupiter\junit-jupiter\5.7.0\junit-jupiter-5.7.0.jar;C:\Users\Михаил\.m2\repository\org\junit\jupiter\junit-jupiter-api\5.7.0\junit-jupiter-api-5.7.0.jar;C:\Users\Михаил\.m2\repository\org\apiguardian\apiguardian-api\1.1.0\apiguardian-api-1.1.0.jar;C:\Users\Михаил\.m2\repository\org\opentest4j\opentest4j\1.2.0\opentest4j-1.2.0.jar;C:\Users\Михаил\.m2\repository\org\junit\platform\junit-platform-commons\1.7.0\junit-platform-commons-1.7.0.jar;C:\Users\Михаил\.m2\repository\org\junit\jupiter\junit-jupiter-params\5.7.0\junit-jupiter-params-5.7.0.jar;C:\Users\Михаил\.m2\repository\org\junit\jupiter\junit-jupiter-engine\5.7.0\junit-jupiter-engine-5.7.0.jar;C:\Users\Михаил\.m2\repository\org\junit\platform\junit-platform-engine\1.7.0\junit-platform-engine-1.7.0.jar;C:\Users\Михаил\.m2\repository\commons-io\commons-io\2.8.0\commons-io-2.8.0.jar;C:\Users\Михаил\.m2\repository\io\qameta\allure\allure-java-commons\2.14.0\allure-java-commons-2.14.0.jar;C:\Users\Михаил\.m2\repository\org\slf4j\slf4j-api\1.7.30\slf4j-api-1.7.30.jar;C:\Users\Михаил\.m2\repository\io\qameta\allure\allure-model\2.14.0\allure-model-2.14.0.jar;C:\Users\Михаил\.m2\repository\org\apache\tika\tika-core\1.26\tika-core-1.26.jar;C:\Users\Михаил\.m2\repository\org\jooq\joor-java-8\0.9.14\joor-java-8-0.9.14.jar;C:\Users\Михаил\.m2\repository\io\qameta\allure\allure-junit5\2.14.0\allure-junit5-2.14.0.jar;C:\Users\Михаил\.m2\repository\io\qameta\allure\allure-junit-platform\2.14.0\allure-junit-platform-2.14.0.jar;C:\Users\Михаил\.m2\repository\io\qameta\allure\allure-test-filter\2.14.0\allure-test-filter-2.14.0.jar;C:\Users\Михаил\.m2\repository\org\junit\platform\junit-platform-launcher\1.7.2\junit-platform-launcher-1.7.2.jar;C:\Users\Михаил\.m2\repository\io\qameta\allure\allure-rest-assured\2.14.0\allure-rest-assured-2.14.0.jar;C:\Users\Михаил\.m2\repository\io\qameta\allure\allure-attachments\2.14.0\allure-attachments-2.14.0.jar;C:\Users\Михаил\.m2\repository\org\freemarker\freemarker\2.3.31\freemarker-2.3.31.jar;C:\Users\Михаил\.m2\repository\com\fasterxml\jackson\core\jackson-annotations\2.12.3\jackson-annotations-2.12.3.jar;C:\Users\Михаил\.m2\repository\com\fasterxml\jackson\core\jackson-core\2.12.3\jackson-core-2.12.3.jar;C:\Users\Михаил\.m2\repository\com\fasterxml\jackson\core\jackson-databind\2.12.3\jackson-databind-2.12.3.jar;C:\Users\Михаил\.m2\repository\org\projectlombok\lombok\1.18.20\lombok-1.18.20.jar;C:\Users\Михаил\.m2\repository\ch\qos\logback\logback-classic\1.2.3\logback-classic-1.2.3.jar;C:\Users\Михаил\.m2\repository\ch\qos\logback\logback-core\1.2.3\logback-core-1.2.3.jar;"/>
    <property name="java.vm.vendor" value="Oracle Corporation"/>
    <property name="sun.arch.data.model" value="64"/>
    <property name="user.variant" value=""/>
    <property name="java.vendor.url" value="http://java.oracle.com/"/>
    <property name="user.timezone" value="Asia/Yekaterinburg"/>
    <property name="java.vm.specification.version" value="1.8"/>
    <property name="os.name" value="Windows 10"/>
    <property name="user.country" value="RU"/>
    <property name="sun.java.launcher" value="SUN_STANDARD"/>
    <property name="sun.boot.library.path" value="C:\Program Files\Java\jdk1.8.0_291\jre\bin"/>
    <property name="sun.java.command" value="C:\Users\Михаил\AppData\Local\Temp\surefire6189501655281549789\surefirebooter2037402818567481767.jar C:\Users\Михаил\AppData\Local\Temp\surefire6189501655281549789 2021-12-11T23-35-22_364-jvmRun1 surefire3612568370312547758tmp surefire_07714005525654227890tmp"/>
    <property name="surefire.test.class.path" value="C:\Users\Михаил\backend-tests\backend-tests-shushpanov\target\test-classes;C:\Users\Михаил\backend-tests\backend-tests-shushpanov\target\classes;C:\Users\Михаил\.m2\repository\io\rest-assured\rest-assured\4.4.0\rest-assured-4.4.0.jar;C:\Users\Михаил\.m2\repository\org\codehaus\groovy\groovy\3.0.8\groovy-3.0.8.jar;C:\Users\Михаил\.m2\repository\org\codehaus\groovy\groovy-xml\3.0.8\groovy-xml-3.0.8.jar;C:\Users\Михаил\.m2\repository\org\apache\httpcomponents\httpclient\4.5.13\httpclient-4.5.13.jar;C:\Users\Михаил\.m2\repository\org\apache\httpcomponents\httpcore\4.4.13\httpcore-4.4.13.jar;C:\Users\Михаил\.m2\repository\commons-logging\commons-logging\1.2\commons-logging-1.2.jar;C:\Users\Михаил\.m2\repository\commons-codec\commons-codec\1.11\commons-codec-1.11.jar;C:\Users\Михаил\.m2\repository\org\apache\httpcomponents\httpmime\4.5.13\httpmime-4.5.13.jar;C:\Users\Михаил\.m2\repository\org\hamcrest\hamcrest\2.1\hamcrest-2.1.jar;C:\Users\Михаил\.m2\repository\org\ccil\cowan\tagsoup\tagsoup\1.2.1\tagsoup-1.2.1.jar;C:\Users\Михаил\.m2\repository\io\rest-assured\json-path\4.4.0\json-path-4.4.0.jar;C:\Users\Михаил\.m2\repository\org\codehaus\groovy\groovy-json\3.0.8\groovy-json-3.0.8.jar;C:\Users\Михаил\.m2\repository\io\rest-assured\rest-assured-common\4.4.0\rest-assured-common-4.4.0.jar;C:\Users\Михаил\.m2\repository\io\rest-assured\xml-path\4.4.0\xml-path-4.4.0.jar;C:\Users\Михаил\.m2\repository\org\apache\commons\commons-lang3\3.11\commons-lang3-3.11.jar;C:\Users\Михаил\.m2\repository\jakarta\xml\bind\jakarta.xml.bind-api\2.3.3\jakarta.xml.bind-api-2.3.3.jar;C:\Users\Михаил\.m2\repository\jakarta\activation\jakarta.activation-api\1.2.2\jakarta.activation-api-1.2.2.jar;C:\Users\Михаил\.m2\repository\com\sun\xml\bind\jaxb-impl\2.3.3\jaxb-impl-2.3.3.jar;C:\Users\Михаил\.m2\repository\org\junit\jupiter\junit-jupiter\5.7.0\junit-jupiter-5.7.0.jar;C:\Users\Михаил\.m2\repository\org\junit\jupiter\junit-jupiter-api\5.7.0\junit-jupiter-api-5.7.0.jar;C:\Users\Михаил\.m2\repository\org\apiguardian\apiguardian-api\1.1.0\apiguardian-api-1.1.0.jar;C:\Users\Михаил\.m2\repository\org\opentest4j\opentest4j\1.2.0\opentest4j-1.2.0.jar;C:\Users\Михаил\.m2\repository\org\junit\platform\junit-platform-commons\1.7.0\junit-platform-commons-1.7.0.jar;C:\Users\Михаил\.m2\repository\org\junit\jupiter\junit-jupiter-params\5.7.0\junit-jupiter-params-5.7.0.jar;C:\Users\Михаил\.m2\repository\org\junit\jupiter\junit-jupiter-engine\5.7.0\junit-jupiter-engine-5.7.0.jar;C:\Users\Михаил\.m2\repository\org\junit\platform\junit-platform-engine\1.7.0\junit-platform-engine-1.7.0.jar;C:\Users\Михаил\.m2\repository\commons-io\commons-io\2.8.0\commons-io-2.8.0.jar;C:\Users\Михаил\.m2\repository\io\qameta\allure\allure-java-commons\2.14.0\allure-java-commons-2.14.0.jar;C:\Users\Михаил\.m2\repository\org\slf4j\slf4j-api\1.7.30\slf4j-api-1.7.30.jar;C:\Users\Михаил\.m2\repository\io\qameta\allure\allure-model\2.14.0\allure-model-2.14.0.jar;C:\Users\Михаил\.m2\repository\org\apache\tika\tika-core\1.26\tika-core-1.26.jar;C:\Users\Михаил\.m2\repository\org\jooq\joor-java-8\0.9.14\joor-java-8-0.9.14.jar;C:\Users\Михаил\.m2\repository\io\qameta\allure\allure-junit5\2.14.0\allure-junit5-2.14.0.jar;C:\Users\Михаил\.m2\repository\io\qameta\allure\allure-junit-platform\2.14.0\allure-junit-platform-2.14.0.jar;C:\Users\Михаил\.m2\repository\io\qameta\allure\allure-test-filter\2.14.0\allure-test-filter-2.14.0.jar;C:\Users\Михаил\.m2\repository\org\junit\platform\junit-platform-launcher\1.7.2\junit-platform-launcher-1.7.2.jar;C:\Users\Михаил\.m2\repository\io\qameta\allure\allure-rest-assured\2.14.0\allure-rest-assured-2.14.0.jar;C:\Users\Михаил\.m2\repository\io\qameta\allure\allure-attachments\2.14.0\allure-attachments-2.14.0.jar;C:\Users\Михаил\.m2\repository\org\freemarker\freemarker\2.3.31\freemarker-2.3.31.jar;C:\Users\Михаил\.m2\repository\com\fasterxml\jackson\core\jackson-annotations\2.12.3\jackson-annotations-2.12.3.jar;C:\Users\Михаил\.m2\repository\com\fasterxml\jackson\core\jackson-core\2.12.3\jackson-core-2.12.3.jar;C:\Users\Михаил\.m2\repository\com\fasterxml\jackson\core\jackson-databind\2.12.3\jackson-databind-2.12.3.jar;C:\Users\Михаил\.m2\repository\org\projectlombok\lombok\1.18.20\lombok-1.18.20.jar;C:\Users\Михаил\.m2\repository\ch\qos\logback\logback-classic\1.2.3\logback-classic-1.2.3.jar;C:\Users\Михаил\.m2\repository\ch\qos\logback\logback-core\1.2.3\logback-core-1.2.3.jar;"/>
    <property name="sun.cpu.endian" value="little"/>
    <property name="allure.results.directory" value="target/allure-results"/>
    <property name="user.home" value="C:\Users\Михаил"/>
    <property name="user.language" value="ru"/>
    <property name="java.specification.vendor" value="Oracle Corporation"/>
    <property name="java.home" value="C:\Program Files\Java\jdk1.8.0_291\jre"/>
    <property name="basedir" value="C:\Users\Михаил\backend-tests\backend-tests-shushpanov"/>
    <property name="file.separator" value="\"/>
    <property name="line.separator" value="&#10;"/>
    <property name="java.vm.specification.vendor" value="Oracle Corporation"/>
    <property name="java.specification.name" value="Java Platform API Specification"/>
    <property name="java.awt.graphicsenv" value="sun.awt.Win32GraphicsEnvironment"/>
    <property name="surefire.real.class.path" value="C:\Users\Михаил\AppData\Local\Temp\surefire6189501655281549789\surefirebooter2037402818567481767.jar;C:\Users\Михаил\.m2\repository/org/aspectj/aspectjweaver/1.9.6/aspectjweaver-1.9.6.jar"/>
    <property name="sun.boot.class.path" value="C:\Program Files\Java\jdk1.8.0_291\jre\lib\resources.jar;C:\Program Files\Java\jdk1.8.0_291\jre\lib\rt.jar;C:\Program Files\Java\jdk1.8.0_291\jre\lib\sunrsasign.jar;C:\Program Files\Java\jdk1.8.0_291\jre\lib\jsse.jar;C:\Program Files\Java\jdk1.8.0_291\jre\lib\jce.jar;C:\Program Files\Java\jdk1.8.0_291\jre\lib\charsets.jar;C:\Program Files\Java\jdk1.8.0_291\jre\lib\jfr.jar;C:\Program Files\Java\jdk1.8.0_291\jre\classes"/>
    <property name="user.script" value=""/>
    <property name="sun.management.compiler" value="HotSpot 64-Bit Tiered Compilers"/>
    <property name="java.runtime.version" value="1.8.0_291-b10"/>
    <property name="user.name" value="Mikhail"/>
    <property name="path.separator" value=";"/>
    <property name="os.version" value="10.0"/>
    <property name="java.endorsed.dirs" value="C:\Program Files\Java\jdk1.8.0_291\jre\lib\endorsed"/>
    <property name="java.runtime.name" value="Java(TM) SE Runtime Environment"/>
    <property name="file.encoding" value="UTF-8"/>
    <property name="java.vm.name" value="Java HotSpot(TM) 64-Bit Server VM"/>
    <property name="localRepository" value="C:\Users\Михаил\.m2\repository"/>
    <property name="java.vendor.url.bug" value="http://bugreport.sun.com/bugreport/"/>
    <property name="java.io.tmpdir" value="C:\Users\8FEE~1\AppData\Local\Temp\"/>
    <property name="idea.version" value="2021.1.3"/>
    <property name="java.version" value="1.8.0_291"/>
    <property name="user.dir" value="C:\Users\Михаил\backend-tests\backend-tests-shushpanov"/>
    <property name="os.arch" value="amd64"/>
    <property name="java.vm.specification.name" value="Java Virtual Machine Specification"/>
    <property name="java.awt.printerjob" value="sun.awt.windows.WPrinterJob"/>
    <property name="sun.os.patch.level" value=""/>
    <property name="java.library.path" value="C:\Program Files\Java\jdk1.8.0_291\jre\bin;C:\Windows\Sun\Java\bin;C:\Windows\system32;C:\Windows;C:\Program Files (x86)\Common Files\Oracle\Java\javapath;C:\Windows\system32;C:\Windows;C:\Windows\System32\Wbem;C:\Windows\System32\WindowsPowerShell\v1.0\;C:\Windows\System32\OpenSSH\;C:\Program Files (x86)\NVIDIA Corporation\PhysX\Common;C:\Program Files\PuTTY\;E:\Старый диск D\Program Files\Git\cmd;E:\Tools\sdk\platform-tools;E:\Tools\sdk\tools;C:\Users\Михаил\scoop\shims;C:\Users\Михаил\AppData\Local\Microsoft\WindowsApps;C:\Users\Михаил\AppData\Local\gitkraken\bin;."/>
    <property name="java.vm.info" value="mixed mode"/>
    <property name="java.vendor" value="Oracle Corporation"/>
    <property name="java.vm.version" value="25.291-b10"/>
    <property name="java.ext.dirs" value="C:\Program Files\Java\jdk1.8.0_291\jre\lib\ext;C:\Windows\Sun\Java\lib\ext"/>
    <property name="sun.io.unicode.encoding" value="UnicodeLittle"/>
    <property name="java.class.version" value="52.0"/>
  </properties>
  <testcase name="uploadFilePngTest" classname="ImageUploadAndUpdateTests" time="6.9">
    <system-out><![CDATA[HTTP/1.1 200 OK
Connection: close
Content-Length: 375
Date: Sat, 11 Dec 2021 18:35:28 GMT
Content-Type: application/json; charset=utf-8
Content-Encoding: gzip
X-Post-Rate-Limit-Limit: 1250
X-Post-Rate-Limit-Remaining: 1244
X-Post-Rate-Limit-Reset: 2849
X-Ratelimit-Clientlimit: 12500
X-Ratelimit-Clientremaining: 12434
X-Ratelimit-Clientreset: 70527
X-Ratelimit-Userlimit: 2000
X-Ratelimit-Userremaining: 1976
X-Ratelimit-Userreset: 241

{
    "status": 200,
    "success": true,
    "data": {
        "id": "JB91I11",
        "deletehash": "TmwxwPj60RVcdHr",
        "account_id": 157750109,
        "account_url": "ShushpanovM",
        "ad_type": null,
        "ad_url": null,
        "title": "Picture",
        "description": "This is an 1x1 pixel image.",
        "name": "",
        "type": "image/png",
        "width": 1650,
        "height": 1350,
        "size": 1057551,
        "views": 0,
        "section": null,
        "vote": null,
        "bandwidth": 0,
        "animated": false,
        "favorite": false,
        "in_gallery": false,
        "in_most_viral": false,
        "has_sound": false,
        "is_ad": false,
        "nsfw": null,
        "link": "https://i.imgur.com/JB91I11.png",
        "tags": [
            
        ],
        "datetime": 1639247728,
        "mp4": "",
        "hls": ""
    }
}
HTTP/1.1 200 OK
Connection: close
Server: nginx
Date: Sat, 11 Dec 2021 18:35:30 GMT
Content-Type: application/json
Vary: Accept-Encoding
X-Post-Rate-Limit-Limit: 1250
X-Post-Rate-Limit-Remaining: 1243
X-Post-Rate-Limit-Reset: 2845
Access-Control-Allow-Origin: *
Access-Control-Allow-Methods: GET, PUT, POST, DELETE, OPTIONS
Access-Control-Allow-Headers: Authorization, Content-Type, Accept, X-Mashape-Authorization, IMGURPLATFORM, IMGURUIDJAFO, SESSIONCOUNT, IMGURMWBETA, IMGURMWBETAOPTIN
Access-Control-Expose-Headers: X-RateLimit-ClientLimit, X-RateLimit-ClientRemaining, X-RateLimit-UserLimit, X-RateLimit-UserRemaining, X-RateLimit-UserReset, Geo-City, Geo-Region, Geo-Metro-Code, Geo-Country-Code
X-RateLimit-ClientLimit: 12500
X-RateLimit-ClientRemaining: 12406
X-RateLimit-UserLimit: 2000
X-RateLimit-UserRemaining: 1999
X-RateLimit-UserReset: 1639251330
ETag: W/"4a931e85c4c3e49f1fb921656d64b65510e32928"
Cache-Control: no-store, no-cache, must-revalidate, post-check=0, pre-check=0
X-origin-ip: 172.16.1.19
Content-Encoding: gzip
Set-Cookie: UPSERVERID=upload.i-07cbfb9e7f3b8d3dd.production; path=/
transfer-encoding: chunked

{
    "data": true,
    "success": true,
    "status": 200
}
HTTP/1.1 200 OK
Connection: keep-alive
Content-Type: application/json
Access-Control-Expose-Headers: X-RateLimit-ClientLimit, X-RateLimit-ClientRemaining, X-RateLimit-UserLimit, X-RateLimit-UserRemaining, X-RateLimit-UserReset, Geo-City, Geo-Region, Geo-Metro-Code, Geo-Country-Code
X-RateLimit-ClientLimit: 12500
X-RateLimit-ClientRemaining: 12405
X-RateLimit-UserLimit: 2000
X-RateLimit-UserRemaining: 1998
X-RateLimit-UserReset: 1639251330
ETag: W/"4a931e85c4c3e49f1fb921656d64b65510e32928"
Cache-Control: no-store, no-cache, must-revalidate, post-check=0, pre-check=0
Content-Encoding: gzip
Accept-Ranges: bytes
Date: Sat, 11 Dec 2021 18:35:31 GMT
X-Served-By: cache-bma1683-BMA
X-Cache: MISS
X-Cache-Hits: 0
X-Timer: S1639247731.707274,VS0,VE784
Vary: Accept-Encoding
access-control-allow-methods: GET, PUT, POST, PATCH, DELETE, OPTIONS
Server: cat factory 1.0
Access-Control-Allow-Origin: *
Access-Control-Allow-Credentials: true
X-Frame-Options: DENY
Access-Control-Allow-Headers: Authorization, Content-Type, Accept, X-Mashape-Authorization, IMGURPLATFORM, IMGURUIDJAFO, sessionCount, IMGURMWBETA, IMGURMWBETAOPTIN, X-expSNKPK127, X-Imgur-Defender-Bypass
transfer-encoding: chunked

{
    "data": true,
    "success": true,
    "status": 200
}
]]></system-out>
  </testcase>
  <testcase name="uploadFileMp4Test" classname="ImageUploadAndUpdateTests" time="5.557">
    <system-out><![CDATA[HTTP/1.1 200 OK
Connection: close
Content-Length: 403
Date: Sat, 11 Dec 2021 18:35:35 GMT
Content-Type: application/json; charset=utf-8
Content-Encoding: gzip
X-Post-Rate-Limit-Limit: 1250
X-Post-Rate-Limit-Remaining: 1242
X-Post-Rate-Limit-Reset: 2843
X-Ratelimit-Clientlimit: 12500
X-Ratelimit-Clientremaining: 12433
X-Ratelimit-Clientreset: 70521
X-Ratelimit-Userlimit: 2000
X-Ratelimit-Userremaining: 1975
X-Ratelimit-Userreset: 235

{
    "status": 200,
    "success": true,
    "data": {
        "id": "cp1Q2Hi",
        "deletehash": "MdO56xJSha88A7E",
        "account_id": 157750109,
        "account_url": "ShushpanovM",
        "ad_type": null,
        "ad_url": null,
        "title": "Video",
        "description": "This is an 1x1 pixel image.",
        "name": "",
        "type": "video/mp4",
        "width": 1080,
        "height": 2340,
        "size": 0,
        "views": 0,
        "section": null,
        "vote": null,
        "bandwidth": 0,
        "animated": true,
        "favorite": false,
        "in_gallery": false,
        "in_most_viral": false,
        "has_sound": false,
        "is_ad": false,
        "nsfw": null,
        "link": "https://i.imgur.com/cp1Q2Hi.mp4",
        "tags": [
            
        ],
        "mp4_size": 21804234,
        "processing": {
            "status": "pending"
        },
        "datetime": 1639247735,
        "mp4": "https://i.imgur.com/cp1Q2Hi.mp4",
        "hls": ""
    }
}
HTTP/1.1 200 OK
Connection: close
Server: nginx
Date: Sat, 11 Dec 2021 18:35:36 GMT
Content-Type: application/json
Vary: Accept-Encoding
X-Post-Rate-Limit-Limit: 1250
X-Post-Rate-Limit-Remaining: 1241
X-Post-Rate-Limit-Reset: 2839
Access-Control-Allow-Origin: *
Access-Control-Allow-Methods: GET, PUT, POST, DELETE, OPTIONS
Access-Control-Allow-Headers: Authorization, Content-Type, Accept, X-Mashape-Authorization, IMGURPLATFORM, IMGURUIDJAFO, SESSIONCOUNT, IMGURMWBETA, IMGURMWBETAOPTIN
Access-Control-Expose-Headers: X-RateLimit-ClientLimit, X-RateLimit-ClientRemaining, X-RateLimit-UserLimit, X-RateLimit-UserRemaining, X-RateLimit-UserReset, Geo-City, Geo-Region, Geo-Metro-Code, Geo-Country-Code
X-RateLimit-ClientLimit: 12500
X-RateLimit-ClientRemaining: 12404
X-RateLimit-UserLimit: 2000
X-RateLimit-UserRemaining: 1997
X-RateLimit-UserReset: 1639251330
ETag: W/"4a931e85c4c3e49f1fb921656d64b65510e32928"
Cache-Control: no-store, no-cache, must-revalidate, post-check=0, pre-check=0
X-origin-ip: 172.16.2.121
Content-Encoding: gzip
Set-Cookie: UPSERVERID=upload.i-0fb2752a20c5571e0.production; path=/
transfer-encoding: chunked

{
    "data": true,
    "success": true,
    "status": 200
}
HTTP/1.1 200 OK
Connection: keep-alive
Content-Type: application/json
Access-Control-Expose-Headers: X-RateLimit-ClientLimit, X-RateLimit-ClientRemaining, X-RateLimit-UserLimit, X-RateLimit-UserRemaining, X-RateLimit-UserReset, Geo-City, Geo-Region, Geo-Metro-Code, Geo-Country-Code
X-RateLimit-ClientLimit: 12500
X-RateLimit-ClientRemaining: 12403
X-RateLimit-UserLimit: 2000
X-RateLimit-UserRemaining: 1996
X-RateLimit-UserReset: 1639251330
ETag: W/"4a931e85c4c3e49f1fb921656d64b65510e32928"
Cache-Control: no-store, no-cache, must-revalidate, post-check=0, pre-check=0
Content-Encoding: gzip
Accept-Ranges: bytes
Date: Sat, 11 Dec 2021 18:35:37 GMT
X-Served-By: cache-bma1647-BMA
X-Cache: MISS
X-Cache-Hits: 0
X-Timer: S1639247737.534904,VS0,VE547
Vary: Accept-Encoding
access-control-allow-methods: GET, PUT, POST, PATCH, DELETE, OPTIONS
Server: cat factory 1.0
Access-Control-Allow-Origin: *
Access-Control-Allow-Credentials: true
X-Frame-Options: DENY
Access-Control-Allow-Headers: Authorization, Content-Type, Accept, X-Mashape-Authorization, IMGURPLATFORM, IMGURUIDJAFO, sessionCount, IMGURMWBETA, IMGURMWBETAOPTIN, X-expSNKPK127, X-Imgur-Defender-Bypass
transfer-encoding: chunked

{
    "data": true,
    "success": true,
    "status": 200
}
]]></system-out>
  </testcase>
  <testcase name="uploadFileBase64Test" classname="ImageUploadAndUpdateTests" time="5.28">
    <system-out><![CDATA[HTTP/1.1 200 OK
Connection: close
Content-Length: 350
Date: Sat, 11 Dec 2021 18:35:40 GMT
Content-Type: application/json; charset=utf-8
Content-Encoding: gzip
X-Post-Rate-Limit-Limit: 1250
X-Post-Rate-Limit-Remaining: 1240
X-Post-Rate-Limit-Reset: 2837
X-Ratelimit-Clientlimit: 12500
X-Ratelimit-Clientremaining: 12432
X-Ratelimit-Clientreset: 70516
X-Ratelimit-Userlimit: 2000
X-Ratelimit-Userremaining: 1974
X-Ratelimit-Userreset: 230

{
    "status": 200,
    "success": true,
    "data": {
        "id": "eQGiYWW",
        "deletehash": "OhIHujTzrdjwPx0",
        "account_id": 157750109,
        "account_url": "ShushpanovM",
        "ad_type": null,
        "ad_url": null,
        "title": null,
        "description": null,
        "name": "",
        "type": "image/png",
        "width": 1650,
        "height": 1350,
        "size": 1057551,
        "views": 0,
        "section": null,
        "vote": null,
        "bandwidth": 0,
        "animated": false,
        "favorite": false,
        "in_gallery": false,
        "in_most_viral": false,
        "has_sound": false,
        "is_ad": false,
        "nsfw": null,
        "link": "https://i.imgur.com/eQGiYWW.png",
        "tags": [
            
        ],
        "datetime": 1639247739,
        "mp4": "",
        "hls": ""
    }
}
HTTP/1.1 200 OK
Connection: close
Server: nginx
Date: Sat, 11 Dec 2021 18:35:41 GMT
Content-Type: application/json
Vary: Accept-Encoding
X-Post-Rate-Limit-Limit: 1250
X-Post-Rate-Limit-Remaining: 1239
X-Post-Rate-Limit-Reset: 2834
Access-Control-Allow-Origin: *
Access-Control-Allow-Methods: GET, PUT, POST, DELETE, OPTIONS
Access-Control-Allow-Headers: Authorization, Content-Type, Accept, X-Mashape-Authorization, IMGURPLATFORM, IMGURUIDJAFO, SESSIONCOUNT, IMGURMWBETA, IMGURMWBETAOPTIN
Access-Control-Expose-Headers: X-RateLimit-ClientLimit, X-RateLimit-ClientRemaining, X-RateLimit-UserLimit, X-RateLimit-UserRemaining, X-RateLimit-UserReset, Geo-City, Geo-Region, Geo-Metro-Code, Geo-Country-Code
X-RateLimit-ClientLimit: 12500
X-RateLimit-ClientRemaining: 12402
X-RateLimit-UserLimit: 2000
X-RateLimit-UserRemaining: 1995
X-RateLimit-UserReset: 1639251330
ETag: W/"4a931e85c4c3e49f1fb921656d64b65510e32928"
Cache-Control: no-store, no-cache, must-revalidate, post-check=0, pre-check=0
X-origin-ip: 172.16.2.180
Content-Encoding: gzip
Set-Cookie: UPSERVERID=upload.i-09458b376e0208425.production; path=/
transfer-encoding: chunked

{
    "data": true,
    "success": true,
    "status": 200
}
HTTP/1.1 200 OK
Connection: keep-alive
Content-Type: application/json
Access-Control-Expose-Headers: X-RateLimit-ClientLimit, X-RateLimit-ClientRemaining, X-RateLimit-UserLimit, X-RateLimit-UserRemaining, X-RateLimit-UserReset, Geo-City, Geo-Region, Geo-Metro-Code, Geo-Country-Code
X-RateLimit-ClientLimit: 12500
X-RateLimit-ClientRemaining: 12401
X-RateLimit-UserLimit: 2000
X-RateLimit-UserRemaining: 1994
X-RateLimit-UserReset: 1639251330
ETag: W/"4a931e85c4c3e49f1fb921656d64b65510e32928"
Cache-Control: no-store, no-cache, must-revalidate, post-check=0, pre-check=0
Content-Encoding: gzip
Accept-Ranges: bytes
Date: Sat, 11 Dec 2021 18:35:42 GMT
X-Served-By: cache-bma1654-BMA
X-Cache: MISS
X-Cache-Hits: 0
X-Timer: S1639247742.594030,VS0,VE771
Vary: Accept-Encoding
access-control-allow-methods: GET, PUT, POST, PATCH, DELETE, OPTIONS
Server: cat factory 1.0
Access-Control-Allow-Origin: *
Access-Control-Allow-Credentials: true
X-Frame-Options: DENY
Access-Control-Allow-Headers: Authorization, Content-Type, Accept, X-Mashape-Authorization, IMGURPLATFORM, IMGURUIDJAFO, sessionCount, IMGURMWBETA, IMGURMWBETAOPTIN, X-expSNKPK127, X-Imgur-Defender-Bypass
transfer-encoding: chunked

{
    "data": true,
    "success": true,
    "status": 200
}
]]></system-out>
  </testcase>
  <testcase name="uploadFileURLTest" classname="ImageUploadAndUpdateTests" time="5.17">
    <system-out><![CDATA[HTTP/1.1 200 OK
Connection: close
Content-Length: 372
Date: Sat, 11 Dec 2021 18:35:45 GMT
Content-Type: application/json; charset=utf-8
Content-Encoding: gzip
X-Post-Rate-Limit-Limit: 1250
X-Post-Rate-Limit-Remaining: 1238
X-Post-Rate-Limit-Reset: 2832
X-Ratelimit-Clientlimit: 12500
X-Ratelimit-Clientremaining: 12431
X-Ratelimit-Clientreset: 70510
X-Ratelimit-Userlimit: 2000
X-Ratelimit-Userremaining: 1973
X-Ratelimit-Userreset: 224

{
    "status": 200,
    "success": true,
    "data": {
        "id": "wi5BRZm",
        "deletehash": "ERi81hEoahh3P7y",
        "account_id": 157750109,
        "account_url": "ShushpanovM",
        "ad_type": null,
        "ad_url": null,
        "title": "Picture",
        "description": "This is an 1x1 pixel image.",
        "name": "",
        "type": "image/png",
        "width": 1650,
        "height": 1350,
        "size": 1057551,
        "views": 0,
        "section": null,
        "vote": null,
        "bandwidth": 0,
        "animated": false,
        "favorite": false,
        "in_gallery": false,
        "in_most_viral": false,
        "has_sound": false,
        "is_ad": false,
        "nsfw": null,
        "link": "https://i.imgur.com/wi5BRZm.png",
        "tags": [
            
        ],
        "datetime": 1639247745,
        "mp4": "",
        "hls": ""
    }
}
HTTP/1.1 200 OK
Connection: close
Server: nginx
Date: Sat, 11 Dec 2021 18:35:46 GMT
Content-Type: application/json
Vary: Accept-Encoding
X-Post-Rate-Limit-Limit: 1250
X-Post-Rate-Limit-Remaining: 1237
X-Post-Rate-Limit-Reset: 2829
Access-Control-Allow-Origin: *
Access-Control-Allow-Methods: GET, PUT, POST, DELETE, OPTIONS
Access-Control-Allow-Headers: Authorization, Content-Type, Accept, X-Mashape-Authorization, IMGURPLATFORM, IMGURUIDJAFO, SESSIONCOUNT, IMGURMWBETA, IMGURMWBETAOPTIN
Access-Control-Expose-Headers: X-RateLimit-ClientLimit, X-RateLimit-ClientRemaining, X-RateLimit-UserLimit, X-RateLimit-UserRemaining, X-RateLimit-UserReset, Geo-City, Geo-Region, Geo-Metro-Code, Geo-Country-Code
X-RateLimit-ClientLimit: 12500
X-RateLimit-ClientRemaining: 12400
X-RateLimit-UserLimit: 2000
X-RateLimit-UserRemaining: 1993
X-RateLimit-UserReset: 1639251330
ETag: W/"4a931e85c4c3e49f1fb921656d64b65510e32928"
Cache-Control: no-store, no-cache, must-revalidate, post-check=0, pre-check=0
X-origin-ip: 172.16.2.121
Content-Encoding: gzip
Set-Cookie: UPSERVERID=upload.i-0fb2752a20c5571e0.production; path=/
transfer-encoding: chunked

{
    "data": true,
    "success": true,
    "status": 200
}
HTTP/1.1 200 OK
Connection: keep-alive
Content-Type: application/json
Access-Control-Expose-Headers: X-RateLimit-ClientLimit, X-RateLimit-ClientRemaining, X-RateLimit-UserLimit, X-RateLimit-UserRemaining, X-RateLimit-UserReset, Geo-City, Geo-Region, Geo-Metro-Code, Geo-Country-Code
X-RateLimit-ClientLimit: 12500
X-RateLimit-ClientRemaining: 12399
X-RateLimit-UserLimit: 2000
X-RateLimit-UserRemaining: 1992
X-RateLimit-UserReset: 1639251330
ETag: W/"4a931e85c4c3e49f1fb921656d64b65510e32928"
Cache-Control: no-store, no-cache, must-revalidate, post-check=0, pre-check=0
Content-Encoding: gzip
Accept-Ranges: bytes
Date: Sat, 11 Dec 2021 18:35:47 GMT
X-Served-By: cache-bma1674-BMA
X-Cache: MISS
X-Cache-Hits: 0
X-Timer: S1639247747.710601,VS0,VE827
Vary: Accept-Encoding
access-control-allow-methods: GET, PUT, POST, PATCH, DELETE, OPTIONS
Server: cat factory 1.0
Access-Control-Allow-Origin: *
Access-Control-Allow-Credentials: true
X-Frame-Options: DENY
Access-Control-Allow-Headers: Authorization, Content-Type, Accept, X-Mashape-Authorization, IMGURPLATFORM, IMGURUIDJAFO, sessionCount, IMGURMWBETA, IMGURMWBETAOPTIN, X-expSNKPK127, X-Imgur-Defender-Bypass
transfer-encoding: chunked

{
    "data": true,
    "success": true,
    "status": 200
}
]]></system-out>
  </testcase>
</testsuite>